<?xml version="1.0" encoding="UTF-8" ?>
<testsuite tests="2" failures="2" name="com.mycompany.calculateaverage.AverageTest" time="0.006" errors="0" skipped="0">
  <properties>
[...]
</properties>
  <testcase classname="com.mycompany.calculateaverage.AverageTest" name="com.mycompany.calculateaverage.AverageTest.testCalculateAverage" time="0.005">
    <failure message="Uncompilable source code - Erroneous sym type: com.mycompany.calculateaverage.Average.calculateAverage" type="java.lang.RuntimeException">java.lang.RuntimeException: Uncompilable source code - Erroneous sym type: com.mycompany.calculateaverage.Average.calculateAverage
	at com.mycompany.calculateaverage.AverageTest.testCalculateAverage(AverageTest.java:66)
</failure>
    <system-out>calculateAverage
</system-out>
  </testcase>
  <testcase classname="com.mycompany.calculateaverage.AverageTest" name="com.mycompany.calculateaverage.AverageTest.testMain" time="0.001">
    <failure message="Uncompilable source code - Erroneous sym type: com.mycompany.calculateaverage.Average.main" type="java.lang.RuntimeException">java.lang.RuntimeException: Uncompilable source code - Erroneous sym type: com.mycompany.calculateaverage.Average.main
	at com.mycompany.calculateaverage.AverageTest.testMain(AverageTest.java:79)
</failure>
    <system-out>main
</system-out>
  </testcase>
</testsuite>